#! /usr/bin/vvp
:ivl_version "12.0 (stable)";
:ivl_delay_selection "TYPICAL";
:vpi_time_precision - 10;
:vpi_module "/usr/lib/x86_64-linux-gnu/ivl/system.vpi";
:vpi_module "/usr/lib/x86_64-linux-gnu/ivl/vhdl_sys.vpi";
:vpi_module "/usr/lib/x86_64-linux-gnu/ivl/vhdl_textio.vpi";
:vpi_module "/usr/lib/x86_64-linux-gnu/ivl/v2005_math.vpi";
:vpi_module "/usr/lib/x86_64-linux-gnu/ivl/va_math.vpi";
S_0x563494adcb40 .scope module, "fibonacci_tb" "fibonacci_tb" 2 4;
 .timescale -9 -10;
v0x563494aef510_0 .var "clk", 0 0;
v0x563494aef5d0_0 .var "enble", 0 0;
v0x563494aef6a0_0 .net "fib_out", 7 0, v0x563494aef1c0_0;  1 drivers
v0x563494aef7a0_0 .net "overflow", 0 0, v0x563494aef3d0_0;  1 drivers
S_0x563494adccd0 .scope module, "dut" "fibonacci_generator" 2 10, 3 3 0, S_0x563494adcb40;
 .timescale -9 -10;
    .port_info 0 /INPUT 1 "clk";
    .port_info 1 /INPUT 1 "enble";
    .port_info 2 /OUTPUT 8 "fib_out";
    .port_info 3 /OUTPUT 1 "overflow";
v0x563494ac8840_0 .net "clk", 0 0, v0x563494aef510_0;  1 drivers
v0x563494aef040_0 .net "enble", 0 0, v0x563494aef5d0_0;  1 drivers
v0x563494aef100_0 .var "fib_current", 7 0;
v0x563494aef1c0_0 .var "fib_out", 7 0;
v0x563494aef2a0_0 .var "fib_prev", 7 0;
v0x563494aef3d0_0 .var "overflow", 0 0;
E_0x563494adacf0 .event posedge, v0x563494ac8840_0;
    .scope S_0x563494adccd0;
T_0 ;
    %pushi/vec4 0, 0, 8;
    %store/vec4 v0x563494aef2a0_0, 0, 8;
    %pushi/vec4 1, 0, 8;
    %store/vec4 v0x563494aef100_0, 0, 8;
    %end;
    .thread T_0;
    .scope S_0x563494adccd0;
T_1 ;
    %wait E_0x563494adacf0;
    %load/vec4 v0x563494aef040_0;
    %flag_set/vec4 8;
    %jmp/0xz  T_1.0, 8;
    %load/vec4 v0x563494aef100_0;
    %load/vec4 v0x563494aef2a0_0;
    %add;
    %cmpi/u 255, 0, 8;
    %flag_or 5, 4; GT is !LE
    %flag_inv 5;
    %jmp/0xz  T_1.2, 5;
    %pushi/vec4 1, 0, 1;
    %assign/vec4 v0x563494aef3d0_0, 0;
    %pushi/vec4 255, 0, 8;
    %assign/vec4 v0x563494aef1c0_0, 0;
    %jmp T_1.3;
T_1.2 ;
    %pushi/vec4 0, 0, 1;
    %assign/vec4 v0x563494aef3d0_0, 0;
    %load/vec4 v0x563494aef100_0;
    %assign/vec4 v0x563494aef1c0_0, 0;
    %load/vec4 v0x563494aef100_0;
    %load/vec4 v0x563494aef100_0;
    %load/vec4 v0x563494aef2a0_0;
    %add;
    %concat/vec4; draw_concat_vec4
    %split/vec4 8;
    %assign/vec4 v0x563494aef100_0, 0;
    %assign/vec4 v0x563494aef2a0_0, 0;
T_1.3 ;
T_1.0 ;
    %jmp T_1;
    .thread T_1;
    .scope S_0x563494adcb40;
T_2 ;
    %delay 50, 0;
    %load/vec4 v0x563494aef510_0;
    %inv;
    %store/vec4 v0x563494aef510_0, 0, 1;
    %jmp T_2;
    .thread T_2;
    .scope S_0x563494adcb40;
T_3 ;
    %pushi/vec4 0, 0, 1;
    %store/vec4 v0x563494aef510_0, 0, 1;
    %pushi/vec4 1, 0, 1;
    %store/vec4 v0x563494aef5d0_0, 0, 1;
    %pushi/vec4 15, 0, 32;
T_3.0 %dup/vec4;
    %pushi/vec4 0, 0, 32;
    %cmp/s;
    %jmp/1xz T_3.1, 5;
    %jmp/1 T_3.1, 4;
    %pushi/vec4 1, 0, 32;
    %sub;
    %wait E_0x563494adacf0;
    %delay 10, 0;
    %vpi_call 2 29 "$display", "Fibonacci Output: %d, Overflow: %b", v0x563494aef6a0_0, v0x563494aef7a0_0 {0 0 0};
    %jmp T_3.0;
T_3.1 ;
    %pop/vec4 1;
    %vpi_call 2 32 "$finish" {0 0 0};
    %end;
    .thread T_3;
# The file index is used to find the file name in the following table.
:file_names 4;
    "N/A";
    "<interactive>";
    "tb.v";
    "./design.v";
